{"level":"info"}
{"level":"info","message":"response"}
{"level":"info"}
{"level":"error"}
{"level":"info","message":"category"}
{"level":"info","message":"link"}
{"0":"Mayors (1912–1945)","1":"Mayors (1992–present)","level":"info","message":"sectionHeadersText"}
{"message":"","level":"info"}
{"message":"Albania","level":"info"}
{"message":"/wiki/List_of_mayors_of_Berat","level":"info"}
{"0":"Mayors (1912–1945)","1":"Mayors (1992–present)","level":"info","message":"sectionHeadersText"}
{"message":"","level":"info"}
{"message":"Albania","level":"info"}
{"message":"/wiki/List_of_mayors_of_Berat","level":"info"}
{"0":"Mayors (1912–1945)","1":"Mayors (1992–present)","level":"info","message":"sectionHeadersText"}
{"message":"","level":"info"}
{"message":"Albania","level":"info"}
{"message":"/wiki/List_of_mayors_of_Berat","level":"info"}
{"message":"Berat","level":"info"}
{"0":"Mayors (1912–1945)","1":"Mayors (1992–present)","level":"info","message":"sectionHeadersText"}
{"message":"","level":"info"}
{"message":"Albania","level":"info"}
{"message":"/wiki/List_of_mayors_of_Berat","level":"info"}
{"message":"Berat","level":"info"}
{"0":"Mayors (1912–1945)","1":"Mayors (1992–present)","level":"info","message":"sectionHeadersText"}
{"message":"","level":"info"}
{"message":"Albania","level":"info"}
{"message":"/wiki/List_of_mayors_of_Berat","level":"info"}
{"message":"Berat","level":"info"}
{"0":"Mayors (1912–1945)","1":"Mayors (1992–present)","level":"info","message":"sectionHeadersText"}
{"message":"","level":"info"}
{"message":"Albania","level":"info"}
{"message":"/wiki/List_of_mayors_of_Berat","level":"info"}
{"message":"Berat","level":"info"}
{"0":"Mayors (1912–1945)","1":"Mayors (1992–present)","level":"info","message":"sectionHeadersText"}
{"message":"","level":"info"}
